{"ts": 1761264238.7579103, "cpu": 0.0, "cipher": "aesgcm", "signature": "bGD78NGv82Upo86mSta7J6qWNKfsnVkGePVvr/xZ2cjaz54JjLtMlIAUTzxH5dzrH2flCIfkKt8iB10JcK/XDw=="}
{"ts": 1761264244.3205907, "cpu": 0.0, "cipher": "aesgcm", "signature": "pyViw/fgXSWgxNUAWQWx0p1nTHguxWqgBIaGEQxRx/6mgMbchFhU29kzCE2hhEeOdZcWpg9HCe0xF6F9qhjwDA=="}
{"ts": 1761264249.8561718, "cpu": 0.0, "cipher": "aesgcm", "signature": "fbnaWNdhggYrycz2iz3OWnJ/ls+hk6FPORzr04QIyxng5QSQjIEutjBNGMh37qcN1T6NndOfIR9kLpYe+3GsDw=="}
{"ts": 1761264255.4033537, "cpu": 0.0, "cipher": "aesgcm", "signature": "Yxjv1mkyeSJbExT0vAaedNV+uYg1ofL1GEIYAUfQocuwwc83vj0/e517WOv7XlfPplYD5iI+Op9sn/bVQb2HBg=="}
{"ts": 1761264260.941856, "cpu": 0.0, "cipher": "aesgcm", "signature": "sEqIlK0PQz/MBGafY3KjsFqhEbou2lY7s6JWxo8Gk9Qabv6W1SIA+P4nQxAqYkMa6hdQBSboaZzzj2ad2jnIBg=="}
{"ts": 1761264266.4872518, "cpu": 0.0, "cipher": "aesgcm", "signature": "p7fcLvya9K6BacPdJJJuY/VBLZTDh7M3EYJveG7ETyDo8mEbtOLcW7Sqllfsuy58H2pdWcEMIdlmFGPOGmuwCg=="}
{"ts": 1761264272.0222664, "cpu": 0.0, "cipher": "aesgcm", "signature": "gb1aBir/yEBcpiO/5n+II54OI38p6umaFHc0MOLYX9DrKSixLnT15VeWs9RUmHMREjz0g8UZBydvEU13L/PgAg=="}
{"ts": 1761264277.5393164, "cpu": 0.0, "cipher": "aesgcm", "signature": "MokVErbTe9Ca1HA2n8Rp71iHp5kCxpoPg4P9lmiavXCfoaJWB0SVzN5wPGzKZCzrDD0hcC1dvkLSlDDzRIRHCg=="}
{"ts": 1761264283.067725, "cpu": 0.0, "cipher": "aesgcm", "signature": "N9fmEeTPQhmvVnHkPV0I+SrWFe7iLFw0d8GYwInXSGLzgAtL4Sx9Mrye/odmC+34tN9ZSvKr307l5nwLeGftDQ=="}
{"ts": 1761264288.5873318, "cpu": 0.0, "cipher": "aesgcm", "signature": "zvjt4apyQVtJMV/lEogSKMF+nlMPwJ1LPSPSdATvztV6HAhoL0HD3ju9xOhaPc09lKK3KzEPSBhMteJ2Z518Cg=="}
{"ts": 1761264294.1053514, "cpu": 0.0, "cipher": "aesgcm", "signature": "9bFmCLA/mvAxUgpBhhyzz33Jfw1WIjvYS0e5na0n7DkJMhMBXpxdwLVqHF3A7GLwXjimQ4Lt89nSH+xVmKQJDA=="}
{"ts": 1761264299.6162467, "cpu": 0.0, "cipher": "aesgcm", "signature": "zQxQmIL0UgPxttLCnSr7aQBWjJBwNGwrySSBqQhnAi8TRh2m80vs8UTGPe1e4C0FTJyUSGw2BYN6MxEN/RhnDQ=="}
{"ts": 1761264305.135401, "cpu": 0.0, "cipher": "aesgcm", "signature": "UhwWaTFOWpHfrtJTjKZsBU5ZnzBy6agBunjihcGITGdFhY8vg/XWrfXzYJ4p3GvHsXQP71LPvvNQyWRBc5ocAw=="}
{"ts": 1761264310.6524618, "cpu": 0.0, "cipher": "aesgcm", "signature": "6rUckmjSl2ooEtgLhaenVFOxlHecAcQAOCU/ZT31U3DfPcDvvxhCv7VrrOd6M2/HUPYD9CCB+gZNuYVWmWtVCA=="}
{"ts": 1761264316.1727023, "cpu": 0.0, "cipher": "aesgcm", "signature": "4F/325MU0FQl2dcVsWDjELg6Kbz6KJcij3fhPH9/wVZFowxY/fzBLiIupyG9OFF32sFj5VzvTq82qxTXXBqSAQ=="}
{"ts": 1761264321.6876016, "cpu": 0.0, "cipher": "aesgcm", "signature": "oj1tNbhJmPkE+IylgpJHrAQ95f0g6BSPIXNLr0rFM3AmtGsAAiw8x4XUSIMf/rDMXwsYku2073J1OQb2DNQABA=="}
{"ts": 1761264327.212318, "cpu": 0.0, "cipher": "aesgcm", "signature": "qs3OgClHZ8QCBYH2AFqg2KUH7uQXU2ecC6aNO/+0WP7ASLJlAtzC4iJCTodzJSf8q9ozNlyX3xy1oIO5yqRgBQ=="}
{"ts": 1761264332.7513452, "cpu": 0.0, "cipher": "aesgcm", "signature": "bAJuHxMFQvPP4TA5BMGY8FVoN4INp3rveP5OEOIfkd692ZOIF/gRu6ntEWFs2Z/23FwjkMMXwWjgb+a5kn8OCA=="}
{"ts": 1761264338.276559, "cpu": 0.0, "cipher": "aesgcm", "signature": "thWh5pTuEcpDH1ZQq+q2tsAPdpzxn81gorTjM+tFVAa9OAmodNOMNRLeejHDDBX+nAd8sFA/IgE+vQziRBd+AQ=="}
{"ts": 1761264343.8030722, "cpu": 0.0, "cipher": "aesgcm", "signature": "FIQs9BgvxImjSm+eiVW1W/UeNLcYtJgZUilnzoJsY8R+NU7TgI9SzGRiTKBoYxn/sRa3lYMtAb+rtjBNvaYIDQ=="}
{"ts": 1761264349.3253014, "cpu": 0.0, "cipher": "aesgcm", "signature": "Nkx2C2U/D8z1YGFoMgT6q5Dg1z0SC9WDAfEOMg51wYwC+mwaIU6+41CAHsN+RJEWdFi0FDqJJqhymjtW/bB0Cw=="}
{"ts": 1761264354.8508363, "cpu": 0.0, "cipher": "aesgcm", "signature": "GfJbaF6EPxSZmeEHbzo5ItlyVKuT8hTxvFnb4exPxNHej3RaBh0QkCPRHjt5SArbA9LW85CgIO4ox0HawXVjAA=="}
{"ts": 1761264360.378221, "cpu": 0.0, "cipher": "aesgcm", "signature": "mlF+2BzeBE/Kvm8crBw5KmCNQgsEsp1iO2G6X1FeD22eehjgEJ1jb/BkB0WIbcXjQshtckJwOxF/c9cb4CBZDQ=="}
{"ts": 1761264365.9129255, "cpu": 0.0, "cipher": "aesgcm", "signature": "73O8pJwxcYLYfyNgS4QbrnfyTP/8f1sJDyjsGD4N4zJFFceruULCuAP6kK5eZIilp30dmNRJx9KsgVZdypndCg=="}
{"ts": 1761264371.447443, "cpu": 0.0, "cipher": "aesgcm", "signature": "jN11VrWvQKogaynfrFHTlDT+8L2q+58Q24hTwfPhYFs//MvabF8wmcnDseXk2vfGJv/l6/NVUC9Je0AM7U5dBA=="}
{"ts": 1761264376.97278, "cpu": 0.0, "cipher": "aesgcm", "signature": "vHR4C5e69mi9fHuWuB5zgCs2aFJ09ohenudd++FXCAm3Yc53z14Y4oHqcs4f83H/Lp6JZofc89LZ8vZ25lEwAA=="}
{"ts": 1761264382.4919052, "cpu": 0.0, "cipher": "aesgcm", "signature": "oMUSLlqHAFc/AOETUur7FNuiF4SX1nhBfwXHAdCpXry5EyiSyP0PwwjLf5An/qwfoo1abCJRV7Pexzk3pU6GAQ=="}
{"ts": 1761264388.0189354, "cpu": 0.0, "cipher": "aesgcm", "signature": "vDYBk5dMMQ7fvI6Krrnm+SpmH9spd+VtWycOTlwngMiPEVFk3GRJ/uI8f1YtA9PSOfYHHEI15sXuc8mPb88jDg=="}
{"ts": 1761264393.5554364, "cpu": 0.0, "cipher": "aesgcm", "signature": "T9T0xogescw5kJgCU5MRxowrvWyNdcAcOjPWxy4Xm0puAQjEYsCYxCQPKkJ964Hu3bKLM6uBT1NiqGQhp7m8Cg=="}
{"ts": 1761264399.0952597, "cpu": 0.0, "cipher": "aesgcm", "signature": "SpxHawTVLx0IF8n3pbtD9cJA4GI0YNkbL+sHly+dat33wh0u8PQoJvmwJhOcox7vXHuAgfKlxPOGON2ZMcpBBQ=="}
{"ts": 1761264404.628013, "cpu": 0.0, "cipher": "aesgcm", "signature": "eXYlCZyGxe8NaYYQa8+FT9i1q45MSLbdE4AQpRsxba5IpcrjmfzuaxNJgMRaSBIwSGed2mZzSvsdlWGMHmqnCA=="}
{"ts": 1761264410.16749, "cpu": 0.0, "cipher": "aesgcm", "signature": "K1AN9bdXBuz7ZYoB4tPMfrcIIIjKJdvleDqfWHx0zSoB3UjO2JRN2qUI55ZjdERZFtnOlp9sBRCvYRnYxcq/DQ=="}
{"ts": 1761264415.6984544, "cpu": 0.0, "cipher": "aesgcm", "signature": "kFfa14j48cO7+Ofgl3XGfU4KfolMiHzLnNU+VrjcRaS5IloZHO0hvvARHQScu2hJuJkEijlXKn6WbQpa04aBBw=="}
{"ts": 1761264421.2188993, "cpu": 0.0, "cipher": "aesgcm", "signature": "eIPPp+Qpkk/+R39/64SliJ5z7V0v0VH+fHNxSOImZsczjCk9KNHjReoNPzEe7xgT5kCbpIfkAY/ybuOpgYJICw=="}
{"ts": 1761264426.754809, "cpu": 0.0, "cipher": "aesgcm", "signature": "RMlvJTiLrVSDk/ZWuk3DUwjclFaV38ADk0MCJx5PcwpMEFdMoW2vOBCZnc+W0Pv1jkQ2nYealLuFBIqvzvlbBw=="}
{"ts": 1761264432.2824373, "cpu": 0.0, "cipher": "aesgcm", "signature": "VnMhk2TZBTtVJk4uAc8sxSC17gHdWB6KSouCegB3HgW0N7yaJECIUHDx7/1ZUIOiLkiuIvY+Vvw+D3h0dEaLDw=="}
{"ts": 1761264437.8125315, "cpu": 0.0, "cipher": "aesgcm", "signature": "4/j2AOt7VU5xUlO+g5CtETbXxco+Sm36iDFGqd3UHOLyjUui3HJ/KavBoeUsJLjLeRhkeamPBS0ZoDhbOW/AAQ=="}
{"ts": 1761264443.3389084, "cpu": 0.0, "cipher": "aesgcm", "signature": "EkVsqXUNv4TpwdK+fsqemAkrOyot+IN7Dw2hagpi84iL6hEKqMFXnPCtZSF0ivoPGpnPbavrcngEfPU84WrMDQ=="}
{"ts": 1761264448.8513193, "cpu": 0.0, "cipher": "aesgcm", "signature": "JvhE53EzoE9hB9uIWfxoMycW7fBwMVebgKC33JJ7Kt+BxgEZLBEjLoayYij+qkHRLER1kWyXgv5WjoWidDqABA=="}
{"ts": 1761264454.359951, "cpu": 0.0, "cipher": "aesgcm", "signature": "I+n+lOnp5iG0XnvUlcUaEjaVo7XcrmLJQFYHKoAxMu2gsqUVzX8J7sklcCdPa66TmYoxJNM7FGLqgqQ31jZZDw=="}
{"ts": 1761264459.88013, "cpu": 0.0, "cipher": "aesgcm", "signature": "QzMbZ930F19htHkBxCDY6ZRMbtbvuz7/JG3Aat2YQFRuwdEovdiRFf9qVin9epf9JJ8rh9Avbb0LLOqxcfz5BA=="}
{"ts": 1761264465.4149196, "cpu": 0.0, "cipher": "aesgcm", "signature": "nOr25QP0GDXmtFxbiqsmhwhDXOx8spb/mm1N88jnXNyfL3anW5aOaOCucYbeQnsC2P9f4XkPxH31t/GFHpHVBw=="}
{"ts": 1761264470.9378111, "cpu": 0.0, "cipher": "aesgcm", "signature": "TWKBYtLRiyzZb+h1V2uyfdTqbQHdbCOVV/P3WOvLbO3f+yoPaffOVXvLjLGSInrTJ2BmLPoxEyv0i0ILAhBYCw=="}
{"ts": 1761264476.4493067, "cpu": 0.0, "cipher": "aesgcm", "signature": "+CQdAzbregnKDNODCUAmf//eit4GF7OjG4NhsBZZPy5Nil8OxmrRoLzxnCtKQuXQVAkAmutAS05OpOcunmgSCg=="}
{"ts": 1761264481.9588144, "cpu": 0.0, "cipher": "aesgcm", "signature": "oRWjUhbVFbOnOBQNnmkSmepznn4K8V7hI0jmNpj8pgT81z9RJtUz6cMDDvC7vnOctwoT/NgzfzqlpkTQAmaDDw=="}
{"ts": 1761264487.4701612, "cpu": 0.0, "cipher": "aesgcm", "signature": "DVa7Wbj1jDakUmw3rnQQQG0zloPvvzf1Gff7xiUj/m5StgKG6lCkAg14yhWSsVWPWxW/aH12Gp7syQe90C6dCw=="}
{"ts": 1761264492.9827046, "cpu": 0.0, "cipher": "aesgcm", "signature": "WKt7M6/TLQ7parCykwwGi59SsjJPOK8FX6VQDjLxSXRS1bIBsHtz//1sYrmXPW+maqzbbHqCNFC07tettTzTAA=="}
{"ts": 1761264498.496063, "cpu": 0.0, "cipher": "aesgcm", "signature": "Fk4jyWQkNBqTDL3d6FV9TlafvuOBMRQlEbhWEc01Boj8+hgMDbDrWsBp4gRWIZ6UQ80Jn+6MEeVG7/J1a7XyCw=="}
{"ts": 1761264504.0227923, "cpu": 0.0, "cipher": "aesgcm", "signature": "v40WdLAv0s8uNnv7Qpsdb4rZvwkt/GBrzTU7NhfwQXPDaVzGDx0R2Jp/TGr3seTlAYbq1V/i+owT/+5m3IU8BQ=="}
{"ts": 1761264509.5470152, "cpu": 0.0, "cipher": "aesgcm", "signature": "JW4uAIyy21AZkkbXz/EXgO6bxHNtd1QubTEP0J0CL/qZhmqF9o2zmL8RaobyDPX1ix94RZRDyzjHzqzywkowAw=="}
{"ts": 1761264515.0589068, "cpu": 0.0, "cipher": "aesgcm", "signature": "Yxny4So2W3WkhNCI0Ge7D2bfjx3xBFiEJ4/LDGLk8y9c42JlKz9oxzQbJQsLp21LUUNoE24noOzoZmHo8WrADw=="}
{"ts": 1761264520.5757146, "cpu": 0.0, "cipher": "aesgcm", "signature": "nOQisbK6UujzPYpXnwQMf+1BYvgYj7q+UbhOypDYtN1TGMd0GRGkx6OQPosDAyEDT2ZZ0yE6YI70mNtXkaHsAw=="}
{"ts": 1761264526.0904377, "cpu": 0.0, "cipher": "aesgcm", "signature": "M7sbRAfCYL3cWfn8tQMuhDMpe3ymM8Avj3H7/J9ceDKbJwWfBE6nNHboQ9LS2jOpzuzfNCCIeWxIRCyasC4PBQ=="}
{"ts": 1761264531.6147764, "cpu": 0.0, "cipher": "aesgcm", "signature": "BP1cdAMAdiDTT+NrXaOvYoA3rTaXDEjmJ9W6iYfzQ+KTouHOCbcv7KcqvdIWK98KD1XY/+HylhBrGbL/FluWCQ=="}
{"ts": 1761264537.159817, "cpu": 0.0, "cipher": "aesgcm", "signature": "5nwaS5Aj1UwAfl5K9RhG/QE6v6PkC0em1nVToXIwhWofoH2NGqOwiFW+2JGJE3FgT1x1eyOEM/mWEwNfVHxTAA=="}
{"ts": 1761264542.683732, "cpu": 0.0, "cipher": "aesgcm", "signature": "Y5NJSBcAKuNyrLrJpx2sHdeU8BEQfzfFwOU8hUc6rtQHYLchCg1SILdAlPGOkk/3Lqwzj1oZ2o6uDu2TdPpnAQ=="}
{"ts": 1761264548.199534, "cpu": 0.0, "cipher": "aesgcm", "signature": "cZpBtpyHGKeji/nZeHrSQZGW8gGe5C+dtCk9GBZ0VzML8j5RtVQc7gA+HILyZ2FM4pJwAPgPmdWAZYjZ0Gw2Bw=="}
{"ts": 1761264553.7113667, "cpu": 0.0, "cipher": "aesgcm", "signature": "IheQBMIRjUxy5CI1e8ucEw9TiLITlPKCHDSFT5JITcekyZkZH40nMC9tywXe6HAPqXRg4jGJ5ZfNpoaTl4r7AQ=="}
{"ts": 1761264559.2240226, "cpu": 0.0, "cipher": "aesgcm", "signature": "3kst0wOjc/Q+taB2woRqiRw2GBUrIm5EeWxqEmqQlcuRRM8aUYAjutOYk1CRSlBt8sFy84EssOFF8HSmIJc9BA=="}
{"ts": 1761264564.7393136, "cpu": 0.0, "cipher": "aesgcm", "signature": "UQJlcVV6Pg4/PapD4+0EwM1F0uGgboMYmUJ3Xyv0TTPJyV7TISg8mFUeaxZRZ9YJR7p+adDbt/oG01FppfkIDA=="}
{"ts": 1761264570.253525, "cpu": 0.0, "cipher": "aesgcm", "signature": "Q1Cd7CPhlgIFN8WdiVmH3pHfqfBG4v9FbPr/EvR4qbOLZWqXD5UGm9VSBAmE6aqfuoBF2tFcCQuCGbGJwY0BCQ=="}
{"ts": 1761264575.774939, "cpu": 0.0, "cipher": "aesgcm", "signature": "koBTR2RnMcIiBTM8RleCz0IW71IzB+DF8D5Mi+Bj08N9etDa6McN9GXhcNQJkuzp/eu65I6BTLQx51phR8tuBg=="}
{"ts": 1761264581.3137932, "cpu": 0.0, "cipher": "aesgcm", "signature": "U1RPwllbMGwEG2GRkcNdkt1kn367ynnArbphUOriSeplTh652eKNuxeDhGekLT65G07ufLJtbE5JWnAxGbDIBQ=="}
{"ts": 1761264586.846841, "cpu": 0.0, "cipher": "aesgcm", "signature": "iKezfHQAV0zXFYX7uYarn8cqnZRM2pWvJrdnFX0IKTGN2pPHczoeMctSlLMZQmwLHcq5OiPOhGOtiK9EbjGACQ=="}
{"ts": 1761264592.3807883, "cpu": 0.0, "cipher": "aesgcm", "signature": "zRgn4E84ITgdbaiM5G6b181AUk7ApEVlmg8uc/YMK5Lez9dMJPxuyDLmlUU2PIvvBE7D+JFQI5No05KAauukBQ=="}
{"ts": 1761264597.917575, "cpu": 0.0, "cipher": "aesgcm", "signature": "aNvR5XfUWwyXTDkt5DxjhzJMAcZ7Ah4N3O7PrfgkFbnwY4v+p7OSW+pV3f58VR2y0y4UHAL8EetVPNsxZmtrBg=="}
{"ts": 1761264603.4517384, "cpu": 0.0, "cipher": "aesgcm", "signature": "0NUBZIkbCwdeKZ57vyhQAeod48wDqEGc3BR+CNLbMnd6oC19CNM6LpMj83h/0aup+GVpba9XNdRPZci/CGVYAA=="}
{"ts": 1761264608.981399, "cpu": 0.0, "cipher": "aesgcm", "signature": "+X+B4PF0w6aBmrXy0BpYJlhuBJMHLM4phCkWCyJXhqE2/h8QnRNMEaDX2ljjKAtypCse3jdhupbzsLR4fyOIAw=="}
{"ts": 1761264614.5235124, "cpu": 0.0, "cipher": "aesgcm", "signature": "dqJZzZAgOSJBpyq7yx81W76FARJLsMhPldZM1ToYrqIShki51FyYWCFUyaV3/ub0kOAG7LBXRG0+/Z6Kjw2AAA=="}
{"ts": 1761264620.0523376, "cpu": 0.0, "cipher": "aesgcm", "signature": "N7qrBPCcPE+XonV8BiZqsqV4uWEAIFO0darfTWE8y6N83hj8w0wsHAFX8PuHV77wTTgTvTSm3O8pLAIOQjXiDg=="}
{"ts": 1761264625.5758882, "cpu": 0.0, "cipher": "aesgcm", "signature": "yMItoCdrm6Mhcs/xWEtNbJtPEaXZi/+pPQQ5EFnWvlZQTu5/1dWJZi/O0N2zMOMLan9mj7Gkjhl+ZbYidPPpAQ=="}
{"ts": 1761264631.1071923, "cpu": 0.0, "cipher": "aesgcm", "signature": "vxqAEJKIoLrB6Qti3F4yt8R8zINxYILcWDFVSmTRFG7IsMjaftWBLAdfGutTtGhPZAv76x5OKyi3cw/xQB0fDg=="}
{"ts": 1761264636.6477838, "cpu": 0.0, "cipher": "aesgcm", "signature": "zQkFufHTm44T+xe8F2dOkA3ZmtJzdQkIsJbn8bmK76u9i2TaL+VNBbDCtvB1GH2zaeg0cmHzUJj56WYO683AAg=="}
{"ts": 1761264642.1803668, "cpu": 0.0, "cipher": "aesgcm", "signature": "ubwfA3h1iSUJO/jQ+BOIZGk8F7H+380Hibjch3B76ZlejPguULDkDIiuZwfR6eArPwd3+mD4uGNkX8ysDPCQCA=="}
{"ts": 1761264647.7099452, "cpu": 0.0, "cipher": "aesgcm", "signature": "iCbtpCM7YM6Rs0HsHKbv/QMaR6WIWyyy29Ke0g6FkXkndzLbXF8sULzYIY1pYJumsu3HcOiSHEn1En6T2AGYCw=="}
{"ts": 1761264653.2322888, "cpu": 0.0, "cipher": "aesgcm", "signature": "JWOk+/84aP21+nRK7RpZEVf5OCQqUPxndiGzeUqD2U0PFE4ha6BgQDTKaSOja1iRBjVrlsE7kUunJryWF37lDQ=="}
{"ts": 1761264658.7561207, "cpu": 0.0, "cipher": "aesgcm", "signature": "wFngkOyQsOBmIahDCEtsFGBPpJ2s4kLIWPLHODRylVZvEOlnwFDF+FsA9C0CI2eFPUGGvwOk4T+8YlX2SOzQDQ=="}
{"ts": 1761264664.2938223, "cpu": 0.0, "cipher": "aesgcm", "signature": "4dpAtC+8UtALxTQI8EFYpIAidtteoMKtRx/d1X+ooldm+vfhItcu1drvwOGr8GK9ZGHOL9wkC0TYG/8x8C3rDw=="}
{"ts": 1761264669.821009, "cpu": 0.0, "cipher": "aesgcm", "signature": "LIuE6vnBB9kTCGMf9KDlyBLxGaaTDtIEHoNwZhUr0sT30IDtN6bg48bKSC4KZGuJh/YXEVqKnHgEuoE8/SKdBg=="}
{"ts": 1761264675.3333485, "cpu": 0.0, "cipher": "aesgcm", "signature": "H0CQqu4vzNTtYRaeiCYmS/hZ6pexyVoUg/3jgyGikTNHe1t4zZL7A3lxb5ZG6+kRsQqy1TokfMFfMhdIDumFCw=="}
{"ts": 1761264680.8407161, "cpu": 0.0, "cipher": "aesgcm", "signature": "0BCafuNy8A0i+GqTApiv3wQuA3yAmXOMEcO6HYL/KSifWfyiYoS4w41RHKrXEJcSnwR6+L20JECX+sw1Rs8jDQ=="}
{"ts": 1761264686.3666253, "cpu": 0.0, "cipher": "aesgcm", "signature": "CNSr0fFQpVlXGZC8cnNY4LJrpjv8yUZyF6Pp4DZk5JxRUo4SR3FCklxTdEqnRAysLJiPqJcG5jNsuBb8fzmFAw=="}
{"ts": 1761264691.891789, "cpu": 0.0, "cipher": "aesgcm", "signature": "qLUrq+AaOoHMDdJF2rXaA6zM0/1i70AuBt2IPvMvFg5A2rmdRkmUQnfGF8LkpQqWB71Ei2qOYv97zrdRdC1NCA=="}
{"ts": 1761264697.4114575, "cpu": 0.0, "cipher": "aesgcm", "signature": "NvhkPD5Cur7rI3fU3eQ0E2lDNf0k/tC7oX1t5tbglQHR/mL745JhMVIwR8LT6kVy6AogbxBRfl7wNb0zye6FCQ=="}
{"ts": 1761272251.4430985, "cpu": 0.0, "cipher": "aesgcm", "signature": "gR1iWpFVT1FZHOCef1fpyiG6rskMzDaB0t9mJI1uyaP22qsBlgKfgUktjO+PS1zFSl2YbaHry/NmDBSlUbBBBA=="}
{"ts": 1761272257.0824888, "cpu": 0.0, "cipher": "aesgcm", "signature": "BxOeIXd1AzIr2glxWz8RA4736m9RkaO1sSOingLiNXOuY6VEI/5aDAUU+rntI42wWvI4ckIsSJAUfnmQCLxaAA=="}
{"ts": 1761272262.6039565, "cpu": 0.0, "cipher": "aesgcm", "signature": "LKM7ELdi/so4Dq9bpNxtcz6GsZuA7J0Y7Ez1M+KwuGatshOWyUDS7CJ1R8fgHr2P43Bb5a/Nq6gN4TvFiiCmDg=="}
{"ts": 1761272268.1216094, "cpu": 0.0, "cipher": "aesgcm", "signature": "UjFOUNUmbVL7u2wf29VWapJnpdjXpGlW3srkeD63Z1sbGeAvRM42eTXeC3kS2EVwO++nfQWRSOviXk7pBOiCCQ=="}
{"ts": 1761272273.6440449, "cpu": 0.0, "cipher": "aesgcm", "signature": "jZmuWuH1/6U8/wiLFiI5bz5b6mI22Yt21T50UIm66apiUKVa7RGMlHbmR6B4QUTvDuUXCGPTG8udaz6/vjv4CQ=="}
{"ts": 1761272279.1579978, "cpu": 0.0, "cipher": "aesgcm", "signature": "b3wUmv/AyGVXy1E6jHhk7uqmUyPy+t7WZKuuG9cR3UkddaZSnZQzA6Xck6woACgV62CD0MyRmm5t5ipJCvLRAg=="}
{"ts": 1761272284.6823611, "cpu": 0.0, "cipher": "aesgcm", "signature": "KN4Px9elFvj0A8yJYi3NDGY9X0X+GTdUWHTsC+ZLHftpPY5vHC102O8b3gGDTJWcfJip8RDG18PGxQjF22FCAA=="}
{"ts": 1761272290.1976352, "cpu": 0.0, "cipher": "aesgcm", "signature": "tUEYPKYUkW24j11PTVO7bQ5E2U+56188NUn94m2S0KxJkvdqy4AKSka0FLQamppdxWy5aJESJzHnV6+kVM64Dg=="}
{"ts": 1761272295.7245874, "cpu": 0.0, "cipher": "aesgcm", "signature": "ty4IMD3hPE7Uq428wF3dRo5cin3Rga569hy2i/yCKS21yWe9+CqXuqXA8JjeH0jQ6L4ZBHnNIcZon0lPL83BBg=="}
{"ts": 1761272301.264483, "cpu": 0.0, "cipher": "aesgcm", "signature": "yazks4Ea1NHe6HA2Kgd0QTwZlucKHTsjSE737wwvM3/t/PdvtEmVah5Bkim9tmyMluzjeC7m5ump36FNXV+sBg=="}
{"ts": 1761272306.7945182, "cpu": 0.0, "cipher": "aesgcm", "signature": "khMRXJ4YmusnndANbJFbKIYPkaWDCEFE+0rIGNPioqrgncH/BFdkyGBhvazpzxzwgIG5bMd5RH8IHbvJdEXJBg=="}
{"ts": 1761272312.3117723, "cpu": 0.0, "cipher": "aesgcm", "signature": "ruHRP6H/5FtdLheF0MGsPSPZVqw4YqM9t04eLvn9I8JgcsCe6YVcrxrqCv0rWM03Py0k5LYoCCJe/i3XAomsAg=="}
{"status": "reject", "reason": "hash_mismatch", "sha": "ce41e5246ead8bddd2a2b5bbb863db250f328be9dc5c3041481d778a32f8130d"}
{"action": "quarantine", "sha": "ce41e5246ead8bddd2a2b5bbb863db250f328be9dc5c3041481d778a32f8130d", "ts": 1761273634.828423, "manifest_name": "demo_artifact"}
{"action": "quarantine", "sha": "ce41e5246ead8bddd2a2b5bbb863db250f328be9dc5c3041481d778a32f8130d", "ts": 1761273751.3598032, "manifest_name": "demo_artifact"}
{"action": "quarantine", "sha": "ce41e5246ead8bddd2a2b5bbb863db250f328be9dc5c3041481d778a32f8130d", "ts": 1761273862.241506, "manifest_name": "demo_artifact"}
{"action": "quarantine", "sha": "ce41e5246ead8bddd2a2b5bbb863db250f328be9dc5c3041481d778a32f8130d", "ts": 1761273954.749433, "manifest_name": "demo_artifact"}
